[debug] [2022-06-30T17:36:05.974Z] ----------------------------------------------------------------------
[debug] [2022-06-30T17:36:05.977Z] Command:       C:\Program Files\nodejs\node.exe C:\Users\PC PARK nazirhat\AppData\Roaming\npm\node_modules\firebase-tools\lib\bin\firebase.js init
[debug] [2022-06-30T17:36:05.977Z] CLI Version:   10.6.0
[debug] [2022-06-30T17:36:05.978Z] Platform:      win32
[debug] [2022-06-30T17:36:05.978Z] Node Version:  v16.13.1
[debug] [2022-06-30T17:36:05.979Z] Time:          Thu Jun 30 2022 23:36:05 GMT+0600 (Bangladesh Standard Time)
[debug] [2022-06-30T17:36:05.979Z] ----------------------------------------------------------------------
[debug] 
[debug] [2022-06-30T17:36:05.991Z] > command requires scopes: ["email","openid","https://www.googleapis.com/auth/cloudplatformprojects.readonly","https://www.googleapis.com/auth/firebase","https://www.googleapis.com/auth/cloud-platform"]
[debug] [2022-06-30T17:36:05.991Z] > authorizing via signed-in user (alifmirajulalam@gmail.com)
[info] 
     ######## #### ########  ######## ########     ###     ######  ########
     ##        ##  ##     ## ##       ##     ##  ##   ##  ##       ##
     ######    ##  ########  ######   ########  #########  ######  ######
     ##        ##  ##    ##  ##       ##     ## ##     ##       ## ##
     ##       #### ##     ## ######## ########  ##     ##  ######  ########

You're about to initialize a Firebase project in this directory:

  E:\end-game

[info] 
=== Project Setup
[info] 
[info] First, let's associate this project directory with a Firebase project.
[info] You can create multiple project aliases by running firebase use --add, 
[info] but for now we'll just set up a default project.
[info] 
[debug] [2022-06-30T17:37:07.671Z] > refreshing access token with scopes: []
[debug] [2022-06-30T17:37:07.672Z] >>> HTTP REQUEST POST https://www.googleapis.com/oauth2/v3/token  
 <request body omitted>
[debug] [2022-06-30T17:37:07.955Z] <<< HTTP RESPONSE 200 {"date":"Thu, 30 Jun 2022 17:41:48 GMT","cache-control":"no-cache, no-store, max-age=0, must-revalidate","expires":"Mon, 01 Jan 1990 00:00:00 GMT","pragma":"no-cache","content-type":"application/json; charset=utf-8","vary":"X-Origin, Referer, Origin,Accept-Encoding","server":"scaffolding on HTTPServer2","x-xss-protection":"0","x-frame-options":"SAMEORIGIN","x-content-type-options":"nosniff","alt-svc":"h3=\":443\"; ma=2592000,h3-29=\":443\"; ma=2592000,h3-Q050=\":443\"; ma=2592000,h3-Q046=\":443\"; ma=2592000,h3-Q043=\":443\"; ma=2592000,quic=\":443\"; ma=2592000; v=\"46,43\"","accept-ranges":"none","transfer-encoding":"chunked"}
[debug] [2022-06-30T17:37:08.112Z] >>> [apiv2][query] GET https://firebase.googleapis.com/v1beta1/projects pageSize=100
[debug] [2022-06-30T17:37:09.145Z] <<< [apiv2][status] GET https://firebase.googleapis.com/v1beta1/projects 200
[debug] [2022-06-30T17:37:09.145Z] <<< [apiv2][body] GET https://firebase.googleapis.com/v1beta1/projects [omitted]
